%        beta iter      misfit        phi_d        phi_m          phi       norm g        g rel
  5.85379E-02   0  2.17349E+06  1.08674E+06  0.00000E+00  1.08674E+06  2.31912E+03  1.00000E+00
  5.85379E-02   1  1.26357E+06  6.31787E+05  9.43364E+04  6.37310E+05  7.39071E+03  3.18686E+00
  5.85379E-02   2  4.47107E+05  2.23554E+05  2.45658E+05  2.37934E+05  8.22075E+03  3.54476E+00
  2.34152E-02   0  4.47107E+05  2.23554E+05  2.45658E+05  2.29306E+05  8.30570E+03  1.00000E+00
  2.34152E-02   1  1.74819E+05  8.74097E+04  3.62785E+05  9.59044E+04  5.82726E+03  7.01597E-01
  2.34152E-02   2  4.14674E+04  2.07337E+04  5.06908E+05  3.26030E+04  2.12591E+03  2.55958E-01
  9.36607E-03   0  4.14674E+04  2.07337E+04  5.06908E+05  2.54814E+04  2.16333E+03  1.00000E+00
  9.36607E-03   1  1.75430E+04  8.77151E+03  5.95238E+05  1.43465E+04  1.09031E+03  5.03997E-01
  9.36607E-03   2  1.65899E+04  8.29495E+03  5.95564E+05  1.38730E+04  6.83670E+02  3.16026E-01
  3.74643E-03   0  1.65899E+04  8.29495E+03  5.95564E+05  1.05262E+04  6.72504E+02  1.00000E+00
  3.74643E-03   1  1.59567E+04  7.97836E+03  6.02499E+05  1.02356E+04  7.39114E+02  1.09905E+00
  3.74643E-03   2  1.52980E+04  7.64898E+03  6.08878E+05  9.93009E+03  9.23114E+02  1.37265E+00
  1.49857E-03   0  1.52980E+04  7.64898E+03  6.08878E+05  8.56142E+03  9.16760E+02  1.00000E+00
  1.49857E-03   1  1.42558E+04  7.12789E+03  6.16663E+05  8.05200E+03  1.05518E+03  1.15098E+00
  1.49857E-03   2  1.31711E+04  6.58553E+03  6.26480E+05  7.52435E+03  1.06917E+03  1.16624E+00
  5.99428E-04   0  1.31711E+04  6.58553E+03  6.26480E+05  6.96106E+03  1.06655E+03  1.00000E+00
  5.99428E-04   1  1.23604E+04  6.18019E+03  6.33501E+05  6.55993E+03  1.23568E+03  1.15858E+00
  5.99428E-04   2  1.04665E+04  5.23324E+03  6.70492E+05  5.63515E+03  1.65702E+03  1.55363E+00
  2.39771E-04   0  1.04665E+04  5.23324E+03  6.70492E+05  5.39400E+03  1.65582E+03  1.00000E+00
