%        beta iter      misfit        phi_d        phi_m          phi       norm g        g rel
  7.77816E-01   0  1.37007E+04  6.85034E+03  0.00000E+00  6.85034E+03  7.41317E+02  1.00000E+00
  7.77816E-01   1  6.09456E+03  3.04728E+03  1.37200E+03  4.11444E+03  5.17494E+01  6.98074E-02
  7.77816E-01   2  5.76901E+03  2.88450E+03  1.54190E+03  4.08382E+03  1.23769E+01  1.66958E-02
  7.77816E-01   3  5.70241E+03  2.85120E+03  1.58227E+03  4.08192E+03  3.38360E+00  4.56431E-03
  3.11126E-01   0  5.70241E+03  2.85120E+03  1.58227E+03  3.34349E+03  2.07551E+02  1.00000E+00
  3.11126E-01   1  4.07854E+03  2.03927E+03  3.14845E+03  3.01883E+03  2.29625E+01  1.10635E-01
  3.11126E-01   2  3.92062E+03  1.96031E+03  3.36534E+03  3.00736E+03  7.68179E+00  3.70115E-02
  3.11126E-01   3  3.88003E+03  1.94001E+03  3.42541E+03  3.00575E+03  3.10886E+00  1.49787E-02
  1.24451E-01   0  3.88003E+03  1.94001E+03  3.42541E+03  2.36631E+03  1.27552E+02  1.00000E+00
  1.24451E-01   1  2.72754E+03  1.36377E+03  6.20437E+03  2.13591E+03  1.52231E+01  1.19349E-01
  1.24451E-01   2  2.60806E+03  1.30403E+03  6.59465E+03  2.12474E+03  6.48356E+00  5.08309E-02
  1.24451E-01   3  2.57202E+03  1.28601E+03  6.72134E+03  2.12248E+03  3.34735E+00  2.62431E-02
  4.97802E-02   0  2.57202E+03  1.28601E+03  6.72134E+03  1.62060E+03  7.30515E+01  1.00000E+00
  4.97802E-02   1  1.74538E+03  8.72688E+02  1.16508E+04  1.45267E+03  1.59842E+01  2.18807E-01
  4.97802E-02   2  1.60156E+03  8.00781E+02  1.26096E+04  1.42849E+03  8.64568E+00  1.18350E-01
  4.97802E-02   3  1.49367E+03  7.46835E+02  1.33585E+04  1.41183E+03  8.71482E+00  1.19297E-01
  1.99121E-02   0  1.49367E+03  7.46835E+02  1.33585E+04  1.01283E+03  4.27544E+01  1.00000E+00
  1.99121E-02   1  7.61512E+02  3.80756E+02  2.29166E+04  8.37073E+02  5.57248E+01  1.30337E+00
  1.99121E-02   2  5.75280E+02  2.87640E+02  2.52581E+04  7.90582E+02  1.87197E+01  4.37843E-01
  1.99121E-02   3  5.23617E+02  2.61808E+02  2.55343E+04  7.70249E+02  7.51277E+00  1.75719E-01
  7.96484E-03   0  5.23617E+02  2.61808E+02  2.55343E+04  4.65185E+02  2.13906E+01  1.00000E+00
  7.96484E-03   1  2.63702E+02  1.31851E+02  3.45351E+04  4.06917E+02  0.00000E+00  0.00000E+00
