%        beta iter      misfit        phi_d        phi_m          phi       norm g        g rel
  6.35316E-01   0  4.91141E+04  2.45571E+04  0.00000E+00  2.45571E+04  1.39446E+03  1.00000E+00
  6.35316E-01   1  2.26992E+04  1.13496E+04  5.53970E+03  1.48691E+04  8.65170E+01  6.20435E-02
  6.35316E-01   2  2.16224E+04  1.08112E+04  6.25496E+03  1.47851E+04  1.67250E+01  1.19939E-02
  6.35316E-01   3  2.14346E+04  1.07173E+04  6.39759E+03  1.47818E+04  3.56129E+00  2.55389E-03
  2.54126E-01   0  2.14346E+04  1.07173E+04  6.39759E+03  1.23431E+04  3.99320E+02  1.00000E+00
  2.54126E-01   1  1.47821E+04  7.39107E+03  1.43738E+04  1.10438E+04  4.49313E+01  1.12520E-01
  2.54126E-01   2  1.38768E+04  6.93842E+03  1.59192E+04  1.09839E+04  1.42657E+01  3.57249E-02
  2.54126E-01   3  1.36145E+04  6.80724E+03  1.64033E+04  1.09757E+04  5.54102E+00  1.38762E-02
  1.01651E-01   0  1.36145E+04  6.80724E+03  1.64033E+04  8.47464E+03  2.55021E+02  1.00000E+00
  1.01651E-01   1  7.54302E+03  3.77151E+03  3.38210E+04  7.20943E+03  4.29844E+01  1.68553E-01
  1.01651E-01   2  6.60593E+03  3.30297E+03  3.70972E+04  7.07392E+03  2.09477E+01  8.21412E-02
  1.01651E-01   3  6.16706E+03  3.08353E+03  3.87848E+04  7.02602E+03  1.39355E+01  5.46444E-02
  4.06602E-02   0  6.16706E+03  3.08353E+03  3.87848E+04  4.66053E+03  1.50839E+02  1.00000E+00
  4.06602E-02   1  2.74209E+03  1.37104E+03  6.07588E+04  3.84151E+03  5.18991E+01  3.44070E-01
  4.06602E-02   2  2.12316E+03  1.06158E+03  6.44469E+04  3.68201E+03  2.47427E+01  1.64034E-01
  4.06602E-02   3  1.78495E+03  8.92477E+02  6.60968E+04  3.57999E+03  2.41670E+01  1.60217E-01
  1.62641E-02   0  1.78495E+03  8.92477E+02  6.60968E+04  1.96748E+03  7.79707E+01  1.00000E+00
  1.62641E-02   1  6.74853E+02  3.37427E+02  8.23533E+04  1.67683E+03  5.87007E+01  7.52856E-01
  1.62641E-02   2  4.73379E+02  2.36690E+02  8.35303E+04  1.59523E+03  2.59609E+01  3.32958E-01
  1.62641E-02   3  3.83886E+02  1.91943E+02  8.37721E+04  1.55442E+03  2.24329E+01  2.87709E-01
  6.50563E-03   0  3.83886E+02  1.91943E+02  8.37721E+04  7.36933E+02  2.86121E+01  1.00000E+00
  6.50563E-03   1  1.57498E+02  7.87490E+01  9.30882E+04  6.84347E+02  0.00000E+00  0.00000E+00
