%        beta iter      misfit        phi_d        phi_m          phi       norm g        g rel
  6.13082E-01   0  6.78827E+04  3.39414E+04  0.00000E+00  3.39414E+04  1.45325E+03  1.00000E+00
  6.13082E-01   1  3.63560E+04  1.81780E+04  6.96332E+03  2.24471E+04  1.19152E+02  8.19902E-02
  6.13082E-01   2  3.45798E+04  1.72899E+04  8.15535E+03  2.22898E+04  2.77419E+01  1.90896E-02
  6.13082E-01   3  3.41999E+04  1.71000E+04  8.44914E+03  2.22800E+04  7.41807E+00  5.10448E-03
  2.45233E-01   0  3.41999E+04  1.71000E+04  8.44914E+03  1.91720E+04  4.33608E+02  1.00000E+00
  2.45233E-01   1  2.51023E+04  1.25512E+04  1.94794E+04  1.73281E+04  7.23961E+01  1.66962E-01
  2.45233E-01   2  2.32069E+04  1.16034E+04  2.26309E+04  1.71533E+04  3.27323E+01  7.54883E-02
  2.45233E-01   3  2.24262E+04  1.12131E+04  2.40375E+04  1.71079E+04  1.83730E+01  4.23725E-02
  9.80932E-02   0  2.24262E+04  1.12131E+04  2.40375E+04  1.35710E+04  2.82392E+02  1.00000E+00
  9.80932E-02   1  1.26942E+04  6.34710E+03  5.07160E+04  1.13220E+04  9.63832E+01  3.41310E-01
  9.80932E-02   2  9.48795E+03  4.74397E+03  5.99005E+04  1.06198E+04  7.95285E+01  2.81624E-01
  9.80932E-02   3  7.18131E+03  3.59066E+03  6.60579E+04  1.00705E+04  8.01818E+01  2.83937E-01
  3.92373E-02   0  7.18131E+03  3.59066E+03  6.60579E+04  6.18259E+03  2.13178E+02  1.00000E+00
  3.92373E-02   1  3.24807E+03  1.62404E+03  8.24788E+04  4.86028E+03  1.38227E+02  6.48412E-01
  3.92373E-02   2  2.05108E+03  1.02554E+03  8.72899E+04  4.45056E+03  7.30846E+01  3.42834E-01
  3.92373E-02   3  1.50570E+03  7.52852E+02  8.94458E+04  4.26246E+03  5.49586E+01  2.57807E-01
  1.56949E-02   0  1.50570E+03  7.52852E+02  8.94458E+04  2.15670E+03  5.66437E+01  1.00000E+00
  1.56949E-02   1  6.20684E+02  3.10342E+02  1.02484E+05  1.91882E+03  9.05119E+01  1.59792E+00
  1.56949E-02   2  3.79874E+02  1.89937E+02  1.03956E+05  1.82151E+03  5.05910E+01  8.93144E-01
  1.56949E-02   3  2.87452E+02  1.43726E+02  1.03398E+05  1.76655E+03  0.00000E+00  0.00000E+00
