%        beta iter      misfit        phi_d        phi_m          phi       norm g        g rel
  7.10288E-01   0  3.03410E+04  1.51705E+04  0.00000E+00  1.51705E+04  1.11400E+03  1.00000E+00
  7.10288E-01   1  1.42911E+04  7.14555E+03  3.17312E+03  9.39939E+03  7.80342E+01  7.00486E-02
  7.10288E-01   2  1.35823E+04  6.79116E+03  3.57756E+03  9.33226E+03  1.89122E+01  1.69768E-02
  7.10288E-01   3  1.34491E+04  6.72457E+03  3.66524E+03  9.32795E+03  5.35513E+00  4.80711E-03
  2.84115E-01   0  1.34491E+04  6.72457E+03  3.66524E+03  7.76592E+03  3.39255E+02  1.00000E+00
  2.84115E-01   1  9.49302E+03  4.74651E+03  7.92677E+03  6.99862E+03  3.24877E+01  9.57620E-02
  2.84115E-01   2  9.10639E+03  4.55319E+03  8.53238E+03  6.97737E+03  8.68208E+00  2.55916E-02
  2.84115E-01   3  9.02392E+03  4.51196E+03  8.67101E+03  6.97553E+03  2.65338E+00  7.82122E-03
  1.13646E-01   0  9.02392E+03  4.51196E+03  8.67101E+03  5.49739E+03  2.18940E+02  1.00000E+00
  1.13646E-01   1  5.69386E+03  2.84693E+03  1.75112E+04  4.83701E+03  2.25299E+01  1.02905E-01
  1.13646E-01   2  5.33235E+03  2.66618E+03  1.88084E+04  4.80367E+03  8.54333E+00  3.90213E-02
  1.13646E-01   3  5.20657E+03  2.60329E+03  1.93025E+04  4.79694E+03  4.23506E+00  1.93434E-02
  4.54584E-02   0  5.20657E+03  2.60329E+03  1.93025E+04  3.48075E+03  1.28254E+02  1.00000E+00
  4.54584E-02   1  3.00218E+03  1.50109E+03  3.30988E+04  3.00571E+03  3.32407E+01  2.59179E-01
  4.54584E-02   2  2.59022E+03  1.29511E+03  3.58804E+04  2.92618E+03  1.27669E+01  9.95439E-02
  4.54584E-02   3  2.39024E+03  1.19512E+03  3.73533E+04  2.89314E+03  9.86391E+00  7.69092E-02
  1.81834E-02   0  2.39024E+03  1.19512E+03  3.73533E+04  1.87433E+03  7.38075E+01  1.00000E+00
  1.81834E-02   1  1.14328E+03  5.71641E+02  5.49027E+04  1.56996E+03  3.85642E+01  5.22498E-01
  1.81834E-02   2  9.05783E+02  4.52891E+02  5.73097E+04  1.49498E+03  1.65425E+01  2.24131E-01
  1.81834E-02   3  7.78571E+02  3.89286E+02  5.79392E+04  1.44282E+03  1.74304E+01  2.36160E-01
  7.27335E-03   0  7.78571E+02  3.89286E+02  5.79392E+04  8.10698E+02  3.42134E+01  1.00000E+00
  7.27335E-03   1  3.66828E+02  1.83414E+02  7.28247E+04  7.13094E+02  0.00000E+00  0.00000E+00
